[debug] [2024-08-14T16:31:58.884Z] ----------------------------------------------------------------------
[debug] [2024-08-14T16:31:58.888Z] Command:       C:\Program Files\nodejs\node.exe C:\Users\Dushyant Khandelwal\AppData\Roaming\npm\node_modules\firebase-tools\lib\bin\firebase.js init
[debug] [2024-08-14T16:31:58.889Z] CLI Version:   13.15.1
[debug] [2024-08-14T16:31:58.889Z] Platform:      win32
[debug] [2024-08-14T16:31:58.889Z] Node Version:  v20.14.0
[debug] [2024-08-14T16:31:58.890Z] Time:          Wed Aug 14 2024 22:01:58 GMT+0530 (India Standard Time)
[debug] [2024-08-14T16:31:58.890Z] ----------------------------------------------------------------------
[debug] 
[debug] [2024-08-14T16:31:58.895Z] >>> [apiv2][query] GET https://firebase-public.firebaseio.com/cli.json [none]
[debug] [2024-08-14T16:31:58.988Z] > command requires scopes: ["email","openid","https://www.googleapis.com/auth/cloudplatformprojects.readonly","https://www.googleapis.com/auth/firebase","https://www.googleapis.com/auth/cloud-platform"]
[debug] [2024-08-14T16:31:58.989Z] > authorizing via signed-in user (dushyantkhandelwal4665@gmail.com)
[info] 
     ######## #### ########  ######## ########     ###     ######  ########
     ##        ##  ##     ## ##       ##     ##  ##   ##  ##       ##
     ######    ##  ########  ######   ########  #########  ######  ######
     ##        ##  ##    ##  ##       ##     ## ##     ##       ## ##
     ##       #### ##     ## ######## ########  ##     ##  ######  ########

You're about to initialize a Firebase project in this directory:

  C:\Users\Dushyant Khandelwal\Crisp\client

[debug] [2024-08-14T16:32:01.014Z] <<< [apiv2][status] GET https://firebase-public.firebaseio.com/cli.json 200
[debug] [2024-08-14T16:32:01.014Z] <<< [apiv2][body] GET https://firebase-public.firebaseio.com/cli.json {"cloudBuildErrorAfter":1594252800000,"cloudBuildWarnAfter":1590019200000,"defaultNode10After":1594252800000,"minVersion":"3.0.5","node8DeploysDisabledAfter":1613390400000,"node8RuntimeDisabledAfter":1615809600000,"node8WarnAfter":1600128000000}
